Grammaire

    0 $accept: program $end

    1 program: instructionBloc
    2        | L_classDef instructionBloc

    3 L_classDef: classDef
    4           | L_classDef classDef

    5 classDef: classDecl IS '{' '}'
    6         | classDecl IS '{' L_fieldDecl '}'
    7         | classDecl IS '{' L_methodDecl '}'
    8         | classDecl IS '{' L_fieldDecl L_methodDecl '}'

    9 classDecl: CLASS CLASS_TYPE '(' Opt_L_classParamDecl ')' Opt_extendsDecl Opt_constructorBody

   10 Opt_L_classParamDecl: %empty
   11                     | L_classParamDecl

   12 L_classParamDecl: classParamDecl
   13                 | L_classParamDecl ',' classParamDecl

   14 classParamDecl: ID ':' CLASS_TYPE

   15 Opt_extendsDecl: %empty
   16                | extendsDecl

   17 extendsDecl: EXTENDS CLASS_TYPE '(' Opt_L_expr ')'

   18 Opt_constructorBody: %empty
   19                    | constructorBody

   20 constructorBody: instructionBloc

   21 L_fieldDecl: fieldDecl
   22            | L_fieldDecl fieldDecl

   23 fieldDecl: VAR ID ':' CLASS_TYPE ASSIGN expr ';'
   24          | VAR ID ':' CLASS_TYPE ';'
   25          | VAR STATIC ID ':' CLASS_TYPE ASSIGN expr ';'
   26          | VAR STATIC ID ':' CLASS_TYPE ';'

   27 L_methodDecl: methodDecl
   28             | L_methodDecl methodDecl

   29 methodDecl: DEF OVERRIDE STATIC ID '(' Opt_L_methodParamDecl ')' RETURNS CLASS_TYPE methodBody
   30           | DEF OVERRIDE STATIC ID '(' Opt_L_methodParamDecl ')' RETURNS CLASS_TYPE ASSIGN expr
   31           | DEF OVERRIDE ID '(' Opt_L_methodParamDecl ')' RETURNS CLASS_TYPE methodBody
   32           | DEF OVERRIDE ID '(' Opt_L_methodParamDecl ')' RETURNS CLASS_TYPE ASSIGN expr
   33           | DEF STATIC ID '(' Opt_L_methodParamDecl ')' RETURNS CLASS_TYPE methodBody
   34           | DEF STATIC ID '(' Opt_L_methodParamDecl ')' RETURNS CLASS_TYPE ASSIGN expr
   35           | DEF ID '(' Opt_L_methodParamDecl ')' RETURNS CLASS_TYPE methodBody
   36           | DEF ID '(' Opt_L_methodParamDecl ')' RETURNS CLASS_TYPE ASSIGN expr

   37 Opt_L_methodParamDecl: %empty
   38                      | L_methodParamDecl

   39 L_methodParamDecl: methodParamDecl
   40                  | L_methodParamDecl ',' methodParamDecl

   41 methodParamDecl: ID ':' ID

   42 methodBody: proceduralBloc
   43           | functionalBloc

   44 instructionBloc: '{' '}'
   45                | '{' L_instr '}'

   46 L_instr: instr
   47        | L_instr instr

   48 instr: expr ';'
   49      | proceduralBloc
   50      | functionalBloc
   51      | expr ASSIGN expr ';'
   52      | IF booleanExpr THEN L_instr ELSE L_instr

   53 Opt_L_expr: %empty
   54           | L_expr

   55 L_expr: expr
   56       | L_expr ',' expr

   57 expr: ID
   58     | arithmExpr
   59     | instanciation
   60     | constant
   61     | concatExpr
   62     | returnExpr
   63     | selection

   64 selection: expr '.' ID
   65          | CLASS_TYPE '.' ID
   66          | CLASS_TYPE '.' ID '(' Opt_L_expr ')'
   67          | expr '.' ID '(' Opt_L_expr ')'

   68 concatExpr: expr CONCAT expr

   69 returnExpr: RETURN expr

   70 constant: CONST_STR
   71         | CONST_INT
   72         | CONST_VOID

   73 instanciation: NEW CLASS_TYPE '(' Opt_L_expr ')'

   74 arithmExpr: expr ADD expr
   75           | expr SUB expr
   76           | expr MUL expr
   77           | expr DIV expr

   78 booleanExpr: expr REL expr
   79            | '(' booleanExpr ')'

   80 REL: RELOP

   81 proceduralBloc: '{' '}'
   82               | '{' L_instr '}'
   83               | '{' L_varDecl IS L_instr '}'

   84 functionalBloc: '{' YIELD expr '}'
   85               | '{' L_instr YIELD expr '}'
   86               | '{' L_varDecl IS L_instr YIELD expr '}'

   87 L_varDecl: varDecl
   88          | L_varDecl varDecl

   89 varDecl: VAR ID ':' CLASS_TYPE ASSIGN expr ';'
   90        | VAR ID ':' CLASS_TYPE ';'


Terminaux, suivis des règles où ils apparaissent

$end (0) 0
'(' (40) 9 17 29 30 31 32 33 34 35 36 66 67 73 79
')' (41) 9 17 29 30 31 32 33 34 35 36 66 67 73 79
',' (44) 13 40 56
'.' (46) 64 65 66 67
':' (58) 14 23 24 25 26 41 89 90
';' (59) 23 24 25 26 48 51 89 90
'{' (123) 5 6 7 8 44 45 81 82 83 84 85 86
'}' (125) 5 6 7 8 44 45 81 82 83 84 85 86
error (256)
IS (258) 5 6 7 8 83 86
CLASS (259) 9
EXTENDS (260) 17
RETURN (261) 69
RETURNS (262) 29 30 31 32 33 34 35 36
DEF (263) 29 30 31 32 33 34 35 36
STATIC (264) 25 26 29 30 33 34
OVERRIDE (265) 29 30 31 32
VAR (266) 23 24 25 26 89 90
YIELD (267) 84 85 86
CONCAT (268) 68
NEW (269) 73
IF (270) 52
THEN (271) 52
ELSE (272) 52
ADD (273) 74
SUB (274) 75
MUL (275) 76
DIV (276) 77
CONST_VOID (277) 72
ID (278) 14 23 24 25 26 29 30 31 32 33 34 35 36 41 57 64 65 66 67 89
    90
CONST_STR (279) 70
CLASS_TYPE (280) 9 14 17 23 24 25 26 29 30 31 32 33 34 35 36 65 66
    73 89 90
CONST_INT (281) 71
RELOP (282) 80
ASSIGN (283) 23 25 30 32 34 36 51 89


Non-terminaux, suivis des règles où ils apparaissent

$accept (37)
    à gauche: 0
program (38)
    à gauche: 1 2, à droite: 0
L_classDef (39)
    à gauche: 3 4, à droite: 2 4
classDef (40)
    à gauche: 5 6 7 8, à droite: 3 4
classDecl (41)
    à gauche: 9, à droite: 5 6 7 8
Opt_L_classParamDecl (42)
    à gauche: 10 11, à droite: 9
L_classParamDecl (43)
    à gauche: 12 13, à droite: 11 13
classParamDecl (44)
    à gauche: 14, à droite: 12 13
Opt_extendsDecl (45)
    à gauche: 15 16, à droite: 9
extendsDecl (46)
    à gauche: 17, à droite: 16
Opt_constructorBody (47)
    à gauche: 18 19, à droite: 9
constructorBody (48)
    à gauche: 20, à droite: 19
L_fieldDecl (49)
    à gauche: 21 22, à droite: 6 8 22
fieldDecl (50)
    à gauche: 23 24 25 26, à droite: 21 22
L_methodDecl (51)
    à gauche: 27 28, à droite: 7 8 28
methodDecl (52)
    à gauche: 29 30 31 32 33 34 35 36, à droite: 27 28
Opt_L_methodParamDecl (53)
    à gauche: 37 38, à droite: 29 30 31 32 33 34 35 36
L_methodParamDecl (54)
    à gauche: 39 40, à droite: 38 40
methodParamDecl (55)
    à gauche: 41, à droite: 39 40
methodBody (56)
    à gauche: 42 43, à droite: 29 31 33 35
instructionBloc (57)
    à gauche: 44 45, à droite: 1 2 20
L_instr (58)
    à gauche: 46 47, à droite: 45 47 52 82 83 85 86
instr (59)
    à gauche: 48 49 50 51 52, à droite: 46 47
Opt_L_expr (60)
    à gauche: 53 54, à droite: 17 66 67 73
L_expr (61)
    à gauche: 55 56, à droite: 54 56
expr (62)
    à gauche: 57 58 59 60 61 62 63, à droite: 23 25 30 32 34 36 48
    51 55 56 64 67 68 69 74 75 76 77 78 84 85 86 89
selection (63)
    à gauche: 64 65 66 67, à droite: 63
concatExpr (64)
    à gauche: 68, à droite: 61
returnExpr (65)
    à gauche: 69, à droite: 62
constant (66)
    à gauche: 70 71 72, à droite: 60
instanciation (67)
    à gauche: 73, à droite: 59
arithmExpr (68)
    à gauche: 74 75 76 77, à droite: 58
booleanExpr (69)
    à gauche: 78 79, à droite: 52 79
REL (70)
    à gauche: 80, à droite: 78
proceduralBloc (71)
    à gauche: 81 82 83, à droite: 42 49
functionalBloc (72)
    à gauche: 84 85 86, à droite: 43 50
L_varDecl (73)
    à gauche: 87 88, à droite: 83 86 88
varDecl (74)
    à gauche: 89 90, à droite: 87 88


État 0

    0 $accept: . program $end

    CLASS  décalage et aller à l'état 1
    '{'    décalage et aller à l'état 2

    program          aller à l'état 3
    L_classDef       aller à l'état 4
    classDef         aller à l'état 5
    classDecl        aller à l'état 6
    instructionBloc  aller à l'état 7


État 1

    9 classDecl: CLASS . CLASS_TYPE '(' Opt_L_classParamDecl ')' Opt_extendsDecl Opt_constructorBody

    CLASS_TYPE  décalage et aller à l'état 8


État 2

   44 instructionBloc: '{' . '}'
   45                | '{' . L_instr '}'

    RETURN      décalage et aller à l'état 9
    NEW         décalage et aller à l'état 10
    IF          décalage et aller à l'état 11
    CONST_VOID  décalage et aller à l'état 12
    ID          décalage et aller à l'état 13
    CONST_STR   décalage et aller à l'état 14
    CLASS_TYPE  décalage et aller à l'état 15
    CONST_INT   décalage et aller à l'état 16
    '{'         décalage et aller à l'état 17
    '}'         décalage et aller à l'état 18

    L_instr         aller à l'état 19
    instr           aller à l'état 20
    expr            aller à l'état 21
    selection       aller à l'état 22
    concatExpr      aller à l'état 23
    returnExpr      aller à l'état 24
    constant        aller à l'état 25
    instanciation   aller à l'état 26
    arithmExpr      aller à l'état 27
    proceduralBloc  aller à l'état 28
    functionalBloc  aller à l'état 29


État 3

    0 $accept: program . $end

    $end  décalage et aller à l'état 30


État 4

    2 program: L_classDef . instructionBloc
    4 L_classDef: L_classDef . classDef

    CLASS  décalage et aller à l'état 1
    '{'    décalage et aller à l'état 2

    classDef         aller à l'état 31
    classDecl        aller à l'état 6
    instructionBloc  aller à l'état 32


État 5

    3 L_classDef: classDef .

    $défaut  réduction par utilisation de la règle 3 (L_classDef)


État 6

    5 classDef: classDecl . IS '{' '}'
    6         | classDecl . IS '{' L_fieldDecl '}'
    7         | classDecl . IS '{' L_methodDecl '}'
    8         | classDecl . IS '{' L_fieldDecl L_methodDecl '}'

    IS  décalage et aller à l'état 33


État 7

    1 program: instructionBloc .

    $défaut  réduction par utilisation de la règle 1 (program)


État 8

    9 classDecl: CLASS CLASS_TYPE . '(' Opt_L_classParamDecl ')' Opt_extendsDecl Opt_constructorBody

    '('  décalage et aller à l'état 34


État 9

   69 returnExpr: RETURN . expr

    RETURN      décalage et aller à l'état 9
    NEW         décalage et aller à l'état 10
    CONST_VOID  décalage et aller à l'état 12
    ID          décalage et aller à l'état 13
    CONST_STR   décalage et aller à l'état 14
    CLASS_TYPE  décalage et aller à l'état 15
    CONST_INT   décalage et aller à l'état 16

    expr           aller à l'état 35
    selection      aller à l'état 22
    concatExpr     aller à l'état 23
    returnExpr     aller à l'état 24
    constant       aller à l'état 25
    instanciation  aller à l'état 26
    arithmExpr     aller à l'état 27


État 10

   73 instanciation: NEW . CLASS_TYPE '(' Opt_L_expr ')'

    CLASS_TYPE  décalage et aller à l'état 36


État 11

   52 instr: IF . booleanExpr THEN L_instr ELSE L_instr

    RETURN      décalage et aller à l'état 9
    NEW         décalage et aller à l'état 10
    CONST_VOID  décalage et aller à l'état 12
    ID          décalage et aller à l'état 13
    CONST_STR   décalage et aller à l'état 14
    CLASS_TYPE  décalage et aller à l'état 15
    CONST_INT   décalage et aller à l'état 16
    '('         décalage et aller à l'état 37

    expr           aller à l'état 38
    selection      aller à l'état 22
    concatExpr     aller à l'état 23
    returnExpr     aller à l'état 24
    constant       aller à l'état 25
    instanciation  aller à l'état 26
    arithmExpr     aller à l'état 27
    booleanExpr    aller à l'état 39


État 12

   72 constant: CONST_VOID .

    $défaut  réduction par utilisation de la règle 72 (constant)


État 13

   57 expr: ID .

    $défaut  réduction par utilisation de la règle 57 (expr)


État 14

   70 constant: CONST_STR .

    $défaut  réduction par utilisation de la règle 70 (constant)


État 15

   65 selection: CLASS_TYPE . '.' ID
   66          | CLASS_TYPE . '.' ID '(' Opt_L_expr ')'

    '.'  décalage et aller à l'état 40


État 16

   71 constant: CONST_INT .

    $défaut  réduction par utilisation de la règle 71 (constant)


État 17

   81 proceduralBloc: '{' . '}'
   82               | '{' . L_instr '}'
   83               | '{' . L_varDecl IS L_instr '}'
   84 functionalBloc: '{' . YIELD expr '}'
   85               | '{' . L_instr YIELD expr '}'
   86               | '{' . L_varDecl IS L_instr YIELD expr '}'

    RETURN      décalage et aller à l'état 9
    VAR         décalage et aller à l'état 41
    YIELD       décalage et aller à l'état 42
    NEW         décalage et aller à l'état 10
    IF          décalage et aller à l'état 11
    CONST_VOID  décalage et aller à l'état 12
    ID          décalage et aller à l'état 13
    CONST_STR   décalage et aller à l'état 14
    CLASS_TYPE  décalage et aller à l'état 15
    CONST_INT   décalage et aller à l'état 16
    '{'         décalage et aller à l'état 17
    '}'         décalage et aller à l'état 43

    L_instr         aller à l'état 44
    instr           aller à l'état 20
    expr            aller à l'état 21
    selection       aller à l'état 22
    concatExpr      aller à l'état 23
    returnExpr      aller à l'état 24
    constant        aller à l'état 25
    instanciation   aller à l'état 26
    arithmExpr      aller à l'état 27
    proceduralBloc  aller à l'état 28
    functionalBloc  aller à l'état 29
    L_varDecl       aller à l'état 45
    varDecl         aller à l'état 46


État 18

   44 instructionBloc: '{' '}' .

    $défaut  réduction par utilisation de la règle 44 (instructionBloc)


État 19

   45 instructionBloc: '{' L_instr . '}'
   47 L_instr: L_instr . instr

    RETURN      décalage et aller à l'état 9
    NEW         décalage et aller à l'état 10
    IF          décalage et aller à l'état 11
    CONST_VOID  décalage et aller à l'état 12
    ID          décalage et aller à l'état 13
    CONST_STR   décalage et aller à l'état 14
    CLASS_TYPE  décalage et aller à l'état 15
    CONST_INT   décalage et aller à l'état 16
    '{'         décalage et aller à l'état 17
    '}'         décalage et aller à l'état 47

    instr           aller à l'état 48
    expr            aller à l'état 21
    selection       aller à l'état 22
    concatExpr      aller à l'état 23
    returnExpr      aller à l'état 24
    constant        aller à l'état 25
    instanciation   aller à l'état 26
    arithmExpr      aller à l'état 27
    proceduralBloc  aller à l'état 28
    functionalBloc  aller à l'état 29


État 20

   46 L_instr: instr .

    $défaut  réduction par utilisation de la règle 46 (L_instr)


État 21

   48 instr: expr . ';'
   51      | expr . ASSIGN expr ';'
   64 selection: expr . '.' ID
   67          | expr . '.' ID '(' Opt_L_expr ')'
   68 concatExpr: expr . CONCAT expr
   74 arithmExpr: expr . ADD expr
   75           | expr . SUB expr
   76           | expr . MUL expr
   77           | expr . DIV expr

    CONCAT  décalage et aller à l'état 49
    ADD     décalage et aller à l'état 50
    SUB     décalage et aller à l'état 51
    MUL     décalage et aller à l'état 52
    DIV     décalage et aller à l'état 53
    ASSIGN  décalage et aller à l'état 54
    '.'     décalage et aller à l'état 55
    ';'     décalage et aller à l'état 56


État 22

   63 expr: selection .

    $défaut  réduction par utilisation de la règle 63 (expr)


État 23

   61 expr: concatExpr .

    $défaut  réduction par utilisation de la règle 61 (expr)


État 24

   62 expr: returnExpr .

    $défaut  réduction par utilisation de la règle 62 (expr)


État 25

   60 expr: constant .

    $défaut  réduction par utilisation de la règle 60 (expr)


État 26

   59 expr: instanciation .

    $défaut  réduction par utilisation de la règle 59 (expr)


État 27

   58 expr: arithmExpr .

    $défaut  réduction par utilisation de la règle 58 (expr)


État 28

   49 instr: proceduralBloc .

    $défaut  réduction par utilisation de la règle 49 (instr)


État 29

   50 instr: functionalBloc .

    $défaut  réduction par utilisation de la règle 50 (instr)


État 30

    0 $accept: program $end .

    $défaut  accepter


État 31

    4 L_classDef: L_classDef classDef .

    $défaut  réduction par utilisation de la règle 4 (L_classDef)


État 32

    2 program: L_classDef instructionBloc .

    $défaut  réduction par utilisation de la règle 2 (program)


État 33

    5 classDef: classDecl IS . '{' '}'
    6         | classDecl IS . '{' L_fieldDecl '}'
    7         | classDecl IS . '{' L_methodDecl '}'
    8         | classDecl IS . '{' L_fieldDecl L_methodDecl '}'

    '{'  décalage et aller à l'état 57


État 34

    9 classDecl: CLASS CLASS_TYPE '(' . Opt_L_classParamDecl ')' Opt_extendsDecl Opt_constructorBody

    ID  décalage et aller à l'état 58

    $défaut  réduction par utilisation de la règle 10 (Opt_L_classParamDecl)

    Opt_L_classParamDecl  aller à l'état 59
    L_classParamDecl      aller à l'état 60
    classParamDecl        aller à l'état 61


État 35

   64 selection: expr . '.' ID
   67          | expr . '.' ID '(' Opt_L_expr ')'
   68 concatExpr: expr . CONCAT expr
   69 returnExpr: RETURN expr .
   74 arithmExpr: expr . ADD expr
   75           | expr . SUB expr
   76           | expr . MUL expr
   77           | expr . DIV expr

    CONCAT  décalage et aller à l'état 49
    ADD     décalage et aller à l'état 50
    SUB     décalage et aller à l'état 51
    MUL     décalage et aller à l'état 52
    DIV     décalage et aller à l'état 53
    '.'     décalage et aller à l'état 55

    $défaut  réduction par utilisation de la règle 69 (returnExpr)


État 36

   73 instanciation: NEW CLASS_TYPE . '(' Opt_L_expr ')'

    '('  décalage et aller à l'état 62


État 37

   79 booleanExpr: '(' . booleanExpr ')'

    RETURN      décalage et aller à l'état 9
    NEW         décalage et aller à l'état 10
    CONST_VOID  décalage et aller à l'état 12
    ID          décalage et aller à l'état 13
    CONST_STR   décalage et aller à l'état 14
    CLASS_TYPE  décalage et aller à l'état 15
    CONST_INT   décalage et aller à l'état 16
    '('         décalage et aller à l'état 37

    expr           aller à l'état 38
    selection      aller à l'état 22
    concatExpr     aller à l'état 23
    returnExpr     aller à l'état 24
    constant       aller à l'état 25
    instanciation  aller à l'état 26
    arithmExpr     aller à l'état 27
    booleanExpr    aller à l'état 63


État 38

   64 selection: expr . '.' ID
   67          | expr . '.' ID '(' Opt_L_expr ')'
   68 concatExpr: expr . CONCAT expr
   74 arithmExpr: expr . ADD expr
   75           | expr . SUB expr
   76           | expr . MUL expr
   77           | expr . DIV expr
   78 booleanExpr: expr . REL expr

    CONCAT  décalage et aller à l'état 49
    ADD     décalage et aller à l'état 50
    SUB     décalage et aller à l'état 51
    MUL     décalage et aller à l'état 52
    DIV     décalage et aller à l'état 53
    RELOP   décalage et aller à l'état 64
    '.'     décalage et aller à l'état 55

    REL  aller à l'état 65


État 39

   52 instr: IF booleanExpr . THEN L_instr ELSE L_instr

    THEN  décalage et aller à l'état 66


État 40

   65 selection: CLASS_TYPE '.' . ID
   66          | CLASS_TYPE '.' . ID '(' Opt_L_expr ')'

    ID  décalage et aller à l'état 67


État 41

   89 varDecl: VAR . ID ':' CLASS_TYPE ASSIGN expr ';'
   90        | VAR . ID ':' CLASS_TYPE ';'

    ID  décalage et aller à l'état 68


État 42

   84 functionalBloc: '{' YIELD . expr '}'

    RETURN      décalage et aller à l'état 9
    NEW         décalage et aller à l'état 10
    CONST_VOID  décalage et aller à l'état 12
    ID          décalage et aller à l'état 13
    CONST_STR   décalage et aller à l'état 14
    CLASS_TYPE  décalage et aller à l'état 15
    CONST_INT   décalage et aller à l'état 16

    expr           aller à l'état 69
    selection      aller à l'état 22
    concatExpr     aller à l'état 23
    returnExpr     aller à l'état 24
    constant       aller à l'état 25
    instanciation  aller à l'état 26
    arithmExpr     aller à l'état 27


État 43

   81 proceduralBloc: '{' '}' .

    $défaut  réduction par utilisation de la règle 81 (proceduralBloc)


État 44

   47 L_instr: L_instr . instr
   82 proceduralBloc: '{' L_instr . '}'
   85 functionalBloc: '{' L_instr . YIELD expr '}'

    RETURN      décalage et aller à l'état 9
    YIELD       décalage et aller à l'état 70
    NEW         décalage et aller à l'état 10
    IF          décalage et aller à l'état 11
    CONST_VOID  décalage et aller à l'état 12
    ID          décalage et aller à l'état 13
    CONST_STR   décalage et aller à l'état 14
    CLASS_TYPE  décalage et aller à l'état 15
    CONST_INT   décalage et aller à l'état 16
    '{'         décalage et aller à l'état 17
    '}'         décalage et aller à l'état 71

    instr           aller à l'état 48
    expr            aller à l'état 21
    selection       aller à l'état 22
    concatExpr      aller à l'état 23
    returnExpr      aller à l'état 24
    constant        aller à l'état 25
    instanciation   aller à l'état 26
    arithmExpr      aller à l'état 27
    proceduralBloc  aller à l'état 28
    functionalBloc  aller à l'état 29


État 45

   83 proceduralBloc: '{' L_varDecl . IS L_instr '}'
   86 functionalBloc: '{' L_varDecl . IS L_instr YIELD expr '}'
   88 L_varDecl: L_varDecl . varDecl

    IS   décalage et aller à l'état 72
    VAR  décalage et aller à l'état 41

    varDecl  aller à l'état 73


État 46

   87 L_varDecl: varDecl .

    $défaut  réduction par utilisation de la règle 87 (L_varDecl)


État 47

   45 instructionBloc: '{' L_instr '}' .

    $défaut  réduction par utilisation de la règle 45 (instructionBloc)


État 48

   47 L_instr: L_instr instr .

    $défaut  réduction par utilisation de la règle 47 (L_instr)


État 49

   68 concatExpr: expr CONCAT . expr

    RETURN      décalage et aller à l'état 9
    NEW         décalage et aller à l'état 10
    CONST_VOID  décalage et aller à l'état 12
    ID          décalage et aller à l'état 13
    CONST_STR   décalage et aller à l'état 14
    CLASS_TYPE  décalage et aller à l'état 15
    CONST_INT   décalage et aller à l'état 16

    expr           aller à l'état 74
    selection      aller à l'état 22
    concatExpr     aller à l'état 23
    returnExpr     aller à l'état 24
    constant       aller à l'état 25
    instanciation  aller à l'état 26
    arithmExpr     aller à l'état 27


État 50

   74 arithmExpr: expr ADD . expr

    RETURN      décalage et aller à l'état 9
    NEW         décalage et aller à l'état 10
    CONST_VOID  décalage et aller à l'état 12
    ID          décalage et aller à l'état 13
    CONST_STR   décalage et aller à l'état 14
    CLASS_TYPE  décalage et aller à l'état 15
    CONST_INT   décalage et aller à l'état 16

    expr           aller à l'état 75
    selection      aller à l'état 22
    concatExpr     aller à l'état 23
    returnExpr     aller à l'état 24
    constant       aller à l'état 25
    instanciation  aller à l'état 26
    arithmExpr     aller à l'état 27


État 51

   75 arithmExpr: expr SUB . expr

    RETURN      décalage et aller à l'état 9
    NEW         décalage et aller à l'état 10
    CONST_VOID  décalage et aller à l'état 12
    ID          décalage et aller à l'état 13
    CONST_STR   décalage et aller à l'état 14
    CLASS_TYPE  décalage et aller à l'état 15
    CONST_INT   décalage et aller à l'état 16

    expr           aller à l'état 76
    selection      aller à l'état 22
    concatExpr     aller à l'état 23
    returnExpr     aller à l'état 24
    constant       aller à l'état 25
    instanciation  aller à l'état 26
    arithmExpr     aller à l'état 27


État 52

   76 arithmExpr: expr MUL . expr

    RETURN      décalage et aller à l'état 9
    NEW         décalage et aller à l'état 10
    CONST_VOID  décalage et aller à l'état 12
    ID          décalage et aller à l'état 13
    CONST_STR   décalage et aller à l'état 14
    CLASS_TYPE  décalage et aller à l'état 15
    CONST_INT   décalage et aller à l'état 16

    expr           aller à l'état 77
    selection      aller à l'état 22
    concatExpr     aller à l'état 23
    returnExpr     aller à l'état 24
    constant       aller à l'état 25
    instanciation  aller à l'état 26
    arithmExpr     aller à l'état 27


État 53

   77 arithmExpr: expr DIV . expr

    RETURN      décalage et aller à l'état 9
    NEW         décalage et aller à l'état 10
    CONST_VOID  décalage et aller à l'état 12
    ID          décalage et aller à l'état 13
    CONST_STR   décalage et aller à l'état 14
    CLASS_TYPE  décalage et aller à l'état 15
    CONST_INT   décalage et aller à l'état 16

    expr           aller à l'état 78
    selection      aller à l'état 22
    concatExpr     aller à l'état 23
    returnExpr     aller à l'état 24
    constant       aller à l'état 25
    instanciation  aller à l'état 26
    arithmExpr     aller à l'état 27


État 54

   51 instr: expr ASSIGN . expr ';'

    RETURN      décalage et aller à l'état 9
    NEW         décalage et aller à l'état 10
    CONST_VOID  décalage et aller à l'état 12
    ID          décalage et aller à l'état 13
    CONST_STR   décalage et aller à l'état 14
    CLASS_TYPE  décalage et aller à l'état 15
    CONST_INT   décalage et aller à l'état 16

    expr           aller à l'état 79
    selection      aller à l'état 22
    concatExpr     aller à l'état 23
    returnExpr     aller à l'état 24
    constant       aller à l'état 25
    instanciation  aller à l'état 26
    arithmExpr     aller à l'état 27


État 55

   64 selection: expr '.' . ID
   67          | expr '.' . ID '(' Opt_L_expr ')'

    ID  décalage et aller à l'état 80


État 56

   48 instr: expr ';' .

    $défaut  réduction par utilisation de la règle 48 (instr)


État 57

    5 classDef: classDecl IS '{' . '}'
    6         | classDecl IS '{' . L_fieldDecl '}'
    7         | classDecl IS '{' . L_methodDecl '}'
    8         | classDecl IS '{' . L_fieldDecl L_methodDecl '}'

    DEF  décalage et aller à l'état 81
    VAR  décalage et aller à l'état 82
    '}'  décalage et aller à l'état 83

    L_fieldDecl   aller à l'état 84
    fieldDecl     aller à l'état 85
    L_methodDecl  aller à l'état 86
    methodDecl    aller à l'état 87


État 58

   14 classParamDecl: ID . ':' CLASS_TYPE

    ':'  décalage et aller à l'état 88


État 59

    9 classDecl: CLASS CLASS_TYPE '(' Opt_L_classParamDecl . ')' Opt_extendsDecl Opt_constructorBody

    ')'  décalage et aller à l'état 89


État 60

   11 Opt_L_classParamDecl: L_classParamDecl .
   13 L_classParamDecl: L_classParamDecl . ',' classParamDecl

    ','  décalage et aller à l'état 90

    $défaut  réduction par utilisation de la règle 11 (Opt_L_classParamDecl)


État 61

   12 L_classParamDecl: classParamDecl .

    $défaut  réduction par utilisation de la règle 12 (L_classParamDecl)


État 62

   73 instanciation: NEW CLASS_TYPE '(' . Opt_L_expr ')'

    RETURN      décalage et aller à l'état 9
    NEW         décalage et aller à l'état 10
    CONST_VOID  décalage et aller à l'état 12
    ID          décalage et aller à l'état 13
    CONST_STR   décalage et aller à l'état 14
    CLASS_TYPE  décalage et aller à l'état 15
    CONST_INT   décalage et aller à l'état 16

    $défaut  réduction par utilisation de la règle 53 (Opt_L_expr)

    Opt_L_expr     aller à l'état 91
    L_expr         aller à l'état 92
    expr           aller à l'état 93
    selection      aller à l'état 22
    concatExpr     aller à l'état 23
    returnExpr     aller à l'état 24
    constant       aller à l'état 25
    instanciation  aller à l'état 26
    arithmExpr     aller à l'état 27


État 63

   79 booleanExpr: '(' booleanExpr . ')'

    ')'  décalage et aller à l'état 94


État 64

   80 REL: RELOP .

    $défaut  réduction par utilisation de la règle 80 (REL)


État 65

   78 booleanExpr: expr REL . expr

    RETURN      décalage et aller à l'état 9
    NEW         décalage et aller à l'état 10
    CONST_VOID  décalage et aller à l'état 12
    ID          décalage et aller à l'état 13
    CONST_STR   décalage et aller à l'état 14
    CLASS_TYPE  décalage et aller à l'état 15
    CONST_INT   décalage et aller à l'état 16

    expr           aller à l'état 95
    selection      aller à l'état 22
    concatExpr     aller à l'état 23
    returnExpr     aller à l'état 24
    constant       aller à l'état 25
    instanciation  aller à l'état 26
    arithmExpr     aller à l'état 27


État 66

   52 instr: IF booleanExpr THEN . L_instr ELSE L_instr

    RETURN      décalage et aller à l'état 9
    NEW         décalage et aller à l'état 10
    IF          décalage et aller à l'état 11
    CONST_VOID  décalage et aller à l'état 12
    ID          décalage et aller à l'état 13
    CONST_STR   décalage et aller à l'état 14
    CLASS_TYPE  décalage et aller à l'état 15
    CONST_INT   décalage et aller à l'état 16
    '{'         décalage et aller à l'état 17

    L_instr         aller à l'état 96
    instr           aller à l'état 20
    expr            aller à l'état 21
    selection       aller à l'état 22
    concatExpr      aller à l'état 23
    returnExpr      aller à l'état 24
    constant        aller à l'état 25
    instanciation   aller à l'état 26
    arithmExpr      aller à l'état 27
    proceduralBloc  aller à l'état 28
    functionalBloc  aller à l'état 29


État 67

   65 selection: CLASS_TYPE '.' ID .
   66          | CLASS_TYPE '.' ID . '(' Opt_L_expr ')'

    '('  décalage et aller à l'état 97

    $défaut  réduction par utilisation de la règle 65 (selection)


État 68

   89 varDecl: VAR ID . ':' CLASS_TYPE ASSIGN expr ';'
   90        | VAR ID . ':' CLASS_TYPE ';'

    ':'  décalage et aller à l'état 98


État 69

   64 selection: expr . '.' ID
   67          | expr . '.' ID '(' Opt_L_expr ')'
   68 concatExpr: expr . CONCAT expr
   74 arithmExpr: expr . ADD expr
   75           | expr . SUB expr
   76           | expr . MUL expr
   77           | expr . DIV expr
   84 functionalBloc: '{' YIELD expr . '}'

    CONCAT  décalage et aller à l'état 49
    ADD     décalage et aller à l'état 50
    SUB     décalage et aller à l'état 51
    MUL     décalage et aller à l'état 52
    DIV     décalage et aller à l'état 53
    '.'     décalage et aller à l'état 55
    '}'     décalage et aller à l'état 99


État 70

   85 functionalBloc: '{' L_instr YIELD . expr '}'

    RETURN      décalage et aller à l'état 9
    NEW         décalage et aller à l'état 10
    CONST_VOID  décalage et aller à l'état 12
    ID          décalage et aller à l'état 13
    CONST_STR   décalage et aller à l'état 14
    CLASS_TYPE  décalage et aller à l'état 15
    CONST_INT   décalage et aller à l'état 16

    expr           aller à l'état 100
    selection      aller à l'état 22
    concatExpr     aller à l'état 23
    returnExpr     aller à l'état 24
    constant       aller à l'état 25
    instanciation  aller à l'état 26
    arithmExpr     aller à l'état 27


État 71

   82 proceduralBloc: '{' L_instr '}' .

    $défaut  réduction par utilisation de la règle 82 (proceduralBloc)


État 72

   83 proceduralBloc: '{' L_varDecl IS . L_instr '}'
   86 functionalBloc: '{' L_varDecl IS . L_instr YIELD expr '}'

    RETURN      décalage et aller à l'état 9
    NEW         décalage et aller à l'état 10
    IF          décalage et aller à l'état 11
    CONST_VOID  décalage et aller à l'état 12
    ID          décalage et aller à l'état 13
    CONST_STR   décalage et aller à l'état 14
    CLASS_TYPE  décalage et aller à l'état 15
    CONST_INT   décalage et aller à l'état 16
    '{'         décalage et aller à l'état 17

    L_instr         aller à l'état 101
    instr           aller à l'état 20
    expr            aller à l'état 21
    selection       aller à l'état 22
    concatExpr      aller à l'état 23
    returnExpr      aller à l'état 24
    constant        aller à l'état 25
    instanciation   aller à l'état 26
    arithmExpr      aller à l'état 27
    proceduralBloc  aller à l'état 28
    functionalBloc  aller à l'état 29


État 73

   88 L_varDecl: L_varDecl varDecl .

    $défaut  réduction par utilisation de la règle 88 (L_varDecl)


État 74

   64 selection: expr . '.' ID
   67          | expr . '.' ID '(' Opt_L_expr ')'
   68 concatExpr: expr . CONCAT expr
   68           | expr CONCAT expr .
   74 arithmExpr: expr . ADD expr
   75           | expr . SUB expr
   76           | expr . MUL expr
   77           | expr . DIV expr

    '.'  décalage et aller à l'état 55

    $défaut  réduction par utilisation de la règle 68 (concatExpr)


État 75

   64 selection: expr . '.' ID
   67          | expr . '.' ID '(' Opt_L_expr ')'
   68 concatExpr: expr . CONCAT expr
   74 arithmExpr: expr . ADD expr
   74           | expr ADD expr .
   75           | expr . SUB expr
   76           | expr . MUL expr
   77           | expr . DIV expr

    CONCAT  décalage et aller à l'état 49
    MUL     décalage et aller à l'état 52
    DIV     décalage et aller à l'état 53
    '.'     décalage et aller à l'état 55

    $défaut  réduction par utilisation de la règle 74 (arithmExpr)


État 76

   64 selection: expr . '.' ID
   67          | expr . '.' ID '(' Opt_L_expr ')'
   68 concatExpr: expr . CONCAT expr
   74 arithmExpr: expr . ADD expr
   75           | expr . SUB expr
   75           | expr SUB expr .
   76           | expr . MUL expr
   77           | expr . DIV expr

    CONCAT  décalage et aller à l'état 49
    MUL     décalage et aller à l'état 52
    DIV     décalage et aller à l'état 53
    '.'     décalage et aller à l'état 55

    $défaut  réduction par utilisation de la règle 75 (arithmExpr)


État 77

   64 selection: expr . '.' ID
   67          | expr . '.' ID '(' Opt_L_expr ')'
   68 concatExpr: expr . CONCAT expr
   74 arithmExpr: expr . ADD expr
   75           | expr . SUB expr
   76           | expr . MUL expr
   76           | expr MUL expr .
   77           | expr . DIV expr

    CONCAT  décalage et aller à l'état 49
    '.'     décalage et aller à l'état 55

    $défaut  réduction par utilisation de la règle 76 (arithmExpr)


État 78

   64 selection: expr . '.' ID
   67          | expr . '.' ID '(' Opt_L_expr ')'
   68 concatExpr: expr . CONCAT expr
   74 arithmExpr: expr . ADD expr
   75           | expr . SUB expr
   76           | expr . MUL expr
   77           | expr . DIV expr
   77           | expr DIV expr .

    CONCAT  décalage et aller à l'état 49
    '.'     décalage et aller à l'état 55

    $défaut  réduction par utilisation de la règle 77 (arithmExpr)


État 79

   51 instr: expr ASSIGN expr . ';'
   64 selection: expr . '.' ID
   67          | expr . '.' ID '(' Opt_L_expr ')'
   68 concatExpr: expr . CONCAT expr
   74 arithmExpr: expr . ADD expr
   75           | expr . SUB expr
   76           | expr . MUL expr
   77           | expr . DIV expr

    CONCAT  décalage et aller à l'état 49
    ADD     décalage et aller à l'état 50
    SUB     décalage et aller à l'état 51
    MUL     décalage et aller à l'état 52
    DIV     décalage et aller à l'état 53
    '.'     décalage et aller à l'état 55
    ';'     décalage et aller à l'état 102


État 80

   64 selection: expr '.' ID .
   67          | expr '.' ID . '(' Opt_L_expr ')'

    '('  décalage et aller à l'état 103

    $défaut  réduction par utilisation de la règle 64 (selection)


État 81

   29 methodDecl: DEF . OVERRIDE STATIC ID '(' Opt_L_methodParamDecl ')' RETURNS CLASS_TYPE methodBody
   30           | DEF . OVERRIDE STATIC ID '(' Opt_L_methodParamDecl ')' RETURNS CLASS_TYPE ASSIGN expr
   31           | DEF . OVERRIDE ID '(' Opt_L_methodParamDecl ')' RETURNS CLASS_TYPE methodBody
   32           | DEF . OVERRIDE ID '(' Opt_L_methodParamDecl ')' RETURNS CLASS_TYPE ASSIGN expr
   33           | DEF . STATIC ID '(' Opt_L_methodParamDecl ')' RETURNS CLASS_TYPE methodBody
   34           | DEF . STATIC ID '(' Opt_L_methodParamDecl ')' RETURNS CLASS_TYPE ASSIGN expr
   35           | DEF . ID '(' Opt_L_methodParamDecl ')' RETURNS CLASS_TYPE methodBody
   36           | DEF . ID '(' Opt_L_methodParamDecl ')' RETURNS CLASS_TYPE ASSIGN expr

    STATIC    décalage et aller à l'état 104
    OVERRIDE  décalage et aller à l'état 105
    ID        décalage et aller à l'état 106


État 82

   23 fieldDecl: VAR . ID ':' CLASS_TYPE ASSIGN expr ';'
   24          | VAR . ID ':' CLASS_TYPE ';'
   25          | VAR . STATIC ID ':' CLASS_TYPE ASSIGN expr ';'
   26          | VAR . STATIC ID ':' CLASS_TYPE ';'

    STATIC  décalage et aller à l'état 107
    ID      décalage et aller à l'état 108


État 83

    5 classDef: classDecl IS '{' '}' .

    $défaut  réduction par utilisation de la règle 5 (classDef)


État 84

    6 classDef: classDecl IS '{' L_fieldDecl . '}'
    8         | classDecl IS '{' L_fieldDecl . L_methodDecl '}'
   22 L_fieldDecl: L_fieldDecl . fieldDecl

    DEF  décalage et aller à l'état 81
    VAR  décalage et aller à l'état 82
    '}'  décalage et aller à l'état 109

    fieldDecl     aller à l'état 110
    L_methodDecl  aller à l'état 111
    methodDecl    aller à l'état 87


État 85

   21 L_fieldDecl: fieldDecl .

    $défaut  réduction par utilisation de la règle 21 (L_fieldDecl)


État 86

    7 classDef: classDecl IS '{' L_methodDecl . '}'
   28 L_methodDecl: L_methodDecl . methodDecl

    DEF  décalage et aller à l'état 81
    '}'  décalage et aller à l'état 112

    methodDecl  aller à l'état 113


État 87

   27 L_methodDecl: methodDecl .

    $défaut  réduction par utilisation de la règle 27 (L_methodDecl)


État 88

   14 classParamDecl: ID ':' . CLASS_TYPE

    CLASS_TYPE  décalage et aller à l'état 114


État 89

    9 classDecl: CLASS CLASS_TYPE '(' Opt_L_classParamDecl ')' . Opt_extendsDecl Opt_constructorBody

    EXTENDS  décalage et aller à l'état 115

    $défaut  réduction par utilisation de la règle 15 (Opt_extendsDecl)

    Opt_extendsDecl  aller à l'état 116
    extendsDecl      aller à l'état 117


État 90

   13 L_classParamDecl: L_classParamDecl ',' . classParamDecl

    ID  décalage et aller à l'état 58

    classParamDecl  aller à l'état 118


État 91

   73 instanciation: NEW CLASS_TYPE '(' Opt_L_expr . ')'

    ')'  décalage et aller à l'état 119


État 92

   54 Opt_L_expr: L_expr .
   56 L_expr: L_expr . ',' expr

    ','  décalage et aller à l'état 120

    $défaut  réduction par utilisation de la règle 54 (Opt_L_expr)


État 93

   55 L_expr: expr .
   64 selection: expr . '.' ID
   67          | expr . '.' ID '(' Opt_L_expr ')'
   68 concatExpr: expr . CONCAT expr
   74 arithmExpr: expr . ADD expr
   75           | expr . SUB expr
   76           | expr . MUL expr
   77           | expr . DIV expr

    CONCAT  décalage et aller à l'état 49
    ADD     décalage et aller à l'état 50
    SUB     décalage et aller à l'état 51
    MUL     décalage et aller à l'état 52
    DIV     décalage et aller à l'état 53
    '.'     décalage et aller à l'état 55

    $défaut  réduction par utilisation de la règle 55 (L_expr)


État 94

   79 booleanExpr: '(' booleanExpr ')' .

    $défaut  réduction par utilisation de la règle 79 (booleanExpr)


État 95

   64 selection: expr . '.' ID
   67          | expr . '.' ID '(' Opt_L_expr ')'
   68 concatExpr: expr . CONCAT expr
   74 arithmExpr: expr . ADD expr
   75           | expr . SUB expr
   76           | expr . MUL expr
   77           | expr . DIV expr
   78 booleanExpr: expr REL expr .

    CONCAT  décalage et aller à l'état 49
    ADD     décalage et aller à l'état 50
    SUB     décalage et aller à l'état 51
    MUL     décalage et aller à l'état 52
    DIV     décalage et aller à l'état 53
    '.'     décalage et aller à l'état 55

    $défaut  réduction par utilisation de la règle 78 (booleanExpr)


État 96

   47 L_instr: L_instr . instr
   52 instr: IF booleanExpr THEN L_instr . ELSE L_instr

    RETURN      décalage et aller à l'état 9
    NEW         décalage et aller à l'état 10
    IF          décalage et aller à l'état 11
    ELSE        décalage et aller à l'état 121
    CONST_VOID  décalage et aller à l'état 12
    ID          décalage et aller à l'état 13
    CONST_STR   décalage et aller à l'état 14
    CLASS_TYPE  décalage et aller à l'état 15
    CONST_INT   décalage et aller à l'état 16
    '{'         décalage et aller à l'état 17

    instr           aller à l'état 48
    expr            aller à l'état 21
    selection       aller à l'état 22
    concatExpr      aller à l'état 23
    returnExpr      aller à l'état 24
    constant        aller à l'état 25
    instanciation   aller à l'état 26
    arithmExpr      aller à l'état 27
    proceduralBloc  aller à l'état 28
    functionalBloc  aller à l'état 29


État 97

   66 selection: CLASS_TYPE '.' ID '(' . Opt_L_expr ')'

    RETURN      décalage et aller à l'état 9
    NEW         décalage et aller à l'état 10
    CONST_VOID  décalage et aller à l'état 12
    ID          décalage et aller à l'état 13
    CONST_STR   décalage et aller à l'état 14
    CLASS_TYPE  décalage et aller à l'état 15
    CONST_INT   décalage et aller à l'état 16

    $défaut  réduction par utilisation de la règle 53 (Opt_L_expr)

    Opt_L_expr     aller à l'état 122
    L_expr         aller à l'état 92
    expr           aller à l'état 93
    selection      aller à l'état 22
    concatExpr     aller à l'état 23
    returnExpr     aller à l'état 24
    constant       aller à l'état 25
    instanciation  aller à l'état 26
    arithmExpr     aller à l'état 27


État 98

   89 varDecl: VAR ID ':' . CLASS_TYPE ASSIGN expr ';'
   90        | VAR ID ':' . CLASS_TYPE ';'

    CLASS_TYPE  décalage et aller à l'état 123


État 99

   84 functionalBloc: '{' YIELD expr '}' .

    $défaut  réduction par utilisation de la règle 84 (functionalBloc)


État 100

   64 selection: expr . '.' ID
   67          | expr . '.' ID '(' Opt_L_expr ')'
   68 concatExpr: expr . CONCAT expr
   74 arithmExpr: expr . ADD expr
   75           | expr . SUB expr
   76           | expr . MUL expr
   77           | expr . DIV expr
   85 functionalBloc: '{' L_instr YIELD expr . '}'

    CONCAT  décalage et aller à l'état 49
    ADD     décalage et aller à l'état 50
    SUB     décalage et aller à l'état 51
    MUL     décalage et aller à l'état 52
    DIV     décalage et aller à l'état 53
    '.'     décalage et aller à l'état 55
    '}'     décalage et aller à l'état 124


État 101

   47 L_instr: L_instr . instr
   83 proceduralBloc: '{' L_varDecl IS L_instr . '}'
   86 functionalBloc: '{' L_varDecl IS L_instr . YIELD expr '}'

    RETURN      décalage et aller à l'état 9
    YIELD       décalage et aller à l'état 125
    NEW         décalage et aller à l'état 10
    IF          décalage et aller à l'état 11
    CONST_VOID  décalage et aller à l'état 12
    ID          décalage et aller à l'état 13
    CONST_STR   décalage et aller à l'état 14
    CLASS_TYPE  décalage et aller à l'état 15
    CONST_INT   décalage et aller à l'état 16
    '{'         décalage et aller à l'état 17
    '}'         décalage et aller à l'état 126

    instr           aller à l'état 48
    expr            aller à l'état 21
    selection       aller à l'état 22
    concatExpr      aller à l'état 23
    returnExpr      aller à l'état 24
    constant        aller à l'état 25
    instanciation   aller à l'état 26
    arithmExpr      aller à l'état 27
    proceduralBloc  aller à l'état 28
    functionalBloc  aller à l'état 29


État 102

   51 instr: expr ASSIGN expr ';' .

    $défaut  réduction par utilisation de la règle 51 (instr)


État 103

   67 selection: expr '.' ID '(' . Opt_L_expr ')'

    RETURN      décalage et aller à l'état 9
    NEW         décalage et aller à l'état 10
    CONST_VOID  décalage et aller à l'état 12
    ID          décalage et aller à l'état 13
    CONST_STR   décalage et aller à l'état 14
    CLASS_TYPE  décalage et aller à l'état 15
    CONST_INT   décalage et aller à l'état 16

    $défaut  réduction par utilisation de la règle 53 (Opt_L_expr)

    Opt_L_expr     aller à l'état 127
    L_expr         aller à l'état 92
    expr           aller à l'état 93
    selection      aller à l'état 22
    concatExpr     aller à l'état 23
    returnExpr     aller à l'état 24
    constant       aller à l'état 25
    instanciation  aller à l'état 26
    arithmExpr     aller à l'état 27


État 104

   33 methodDecl: DEF STATIC . ID '(' Opt_L_methodParamDecl ')' RETURNS CLASS_TYPE methodBody
   34           | DEF STATIC . ID '(' Opt_L_methodParamDecl ')' RETURNS CLASS_TYPE ASSIGN expr

    ID  décalage et aller à l'état 128


État 105

   29 methodDecl: DEF OVERRIDE . STATIC ID '(' Opt_L_methodParamDecl ')' RETURNS CLASS_TYPE methodBody
   30           | DEF OVERRIDE . STATIC ID '(' Opt_L_methodParamDecl ')' RETURNS CLASS_TYPE ASSIGN expr
   31           | DEF OVERRIDE . ID '(' Opt_L_methodParamDecl ')' RETURNS CLASS_TYPE methodBody
   32           | DEF OVERRIDE . ID '(' Opt_L_methodParamDecl ')' RETURNS CLASS_TYPE ASSIGN expr

    STATIC  décalage et aller à l'état 129
    ID      décalage et aller à l'état 130


État 106

   35 methodDecl: DEF ID . '(' Opt_L_methodParamDecl ')' RETURNS CLASS_TYPE methodBody
   36           | DEF ID . '(' Opt_L_methodParamDecl ')' RETURNS CLASS_TYPE ASSIGN expr

    '('  décalage et aller à l'état 131


État 107

   25 fieldDecl: VAR STATIC . ID ':' CLASS_TYPE ASSIGN expr ';'
   26          | VAR STATIC . ID ':' CLASS_TYPE ';'

    ID  décalage et aller à l'état 132


État 108

   23 fieldDecl: VAR ID . ':' CLASS_TYPE ASSIGN expr ';'
   24          | VAR ID . ':' CLASS_TYPE ';'

    ':'  décalage et aller à l'état 133


État 109

    6 classDef: classDecl IS '{' L_fieldDecl '}' .

    $défaut  réduction par utilisation de la règle 6 (classDef)


État 110

   22 L_fieldDecl: L_fieldDecl fieldDecl .

    $défaut  réduction par utilisation de la règle 22 (L_fieldDecl)


État 111

    8 classDef: classDecl IS '{' L_fieldDecl L_methodDecl . '}'
   28 L_methodDecl: L_methodDecl . methodDecl

    DEF  décalage et aller à l'état 81
    '}'  décalage et aller à l'état 134

    methodDecl  aller à l'état 113


État 112

    7 classDef: classDecl IS '{' L_methodDecl '}' .

    $défaut  réduction par utilisation de la règle 7 (classDef)


État 113

   28 L_methodDecl: L_methodDecl methodDecl .

    $défaut  réduction par utilisation de la règle 28 (L_methodDecl)


État 114

   14 classParamDecl: ID ':' CLASS_TYPE .

    $défaut  réduction par utilisation de la règle 14 (classParamDecl)


État 115

   17 extendsDecl: EXTENDS . CLASS_TYPE '(' Opt_L_expr ')'

    CLASS_TYPE  décalage et aller à l'état 135


État 116

    9 classDecl: CLASS CLASS_TYPE '(' Opt_L_classParamDecl ')' Opt_extendsDecl . Opt_constructorBody

    '{'  décalage et aller à l'état 2

    $défaut  réduction par utilisation de la règle 18 (Opt_constructorBody)

    Opt_constructorBody  aller à l'état 136
    constructorBody      aller à l'état 137
    instructionBloc      aller à l'état 138


État 117

   16 Opt_extendsDecl: extendsDecl .

    $défaut  réduction par utilisation de la règle 16 (Opt_extendsDecl)


État 118

   13 L_classParamDecl: L_classParamDecl ',' classParamDecl .

    $défaut  réduction par utilisation de la règle 13 (L_classParamDecl)


État 119

   73 instanciation: NEW CLASS_TYPE '(' Opt_L_expr ')' .

    $défaut  réduction par utilisation de la règle 73 (instanciation)


État 120

   56 L_expr: L_expr ',' . expr

    RETURN      décalage et aller à l'état 9
    NEW         décalage et aller à l'état 10
    CONST_VOID  décalage et aller à l'état 12
    ID          décalage et aller à l'état 13
    CONST_STR   décalage et aller à l'état 14
    CLASS_TYPE  décalage et aller à l'état 15
    CONST_INT   décalage et aller à l'état 16

    expr           aller à l'état 139
    selection      aller à l'état 22
    concatExpr     aller à l'état 23
    returnExpr     aller à l'état 24
    constant       aller à l'état 25
    instanciation  aller à l'état 26
    arithmExpr     aller à l'état 27


État 121

   52 instr: IF booleanExpr THEN L_instr ELSE . L_instr

    RETURN      décalage et aller à l'état 9
    NEW         décalage et aller à l'état 10
    IF          décalage et aller à l'état 11
    CONST_VOID  décalage et aller à l'état 12
    ID          décalage et aller à l'état 13
    CONST_STR   décalage et aller à l'état 14
    CLASS_TYPE  décalage et aller à l'état 15
    CONST_INT   décalage et aller à l'état 16
    '{'         décalage et aller à l'état 17

    L_instr         aller à l'état 140
    instr           aller à l'état 20
    expr            aller à l'état 21
    selection       aller à l'état 22
    concatExpr      aller à l'état 23
    returnExpr      aller à l'état 24
    constant        aller à l'état 25
    instanciation   aller à l'état 26
    arithmExpr      aller à l'état 27
    proceduralBloc  aller à l'état 28
    functionalBloc  aller à l'état 29


État 122

   66 selection: CLASS_TYPE '.' ID '(' Opt_L_expr . ')'

    ')'  décalage et aller à l'état 141


État 123

   89 varDecl: VAR ID ':' CLASS_TYPE . ASSIGN expr ';'
   90        | VAR ID ':' CLASS_TYPE . ';'

    ASSIGN  décalage et aller à l'état 142
    ';'     décalage et aller à l'état 143


État 124

   85 functionalBloc: '{' L_instr YIELD expr '}' .

    $défaut  réduction par utilisation de la règle 85 (functionalBloc)


État 125

   86 functionalBloc: '{' L_varDecl IS L_instr YIELD . expr '}'

    RETURN      décalage et aller à l'état 9
    NEW         décalage et aller à l'état 10
    CONST_VOID  décalage et aller à l'état 12
    ID          décalage et aller à l'état 13
    CONST_STR   décalage et aller à l'état 14
    CLASS_TYPE  décalage et aller à l'état 15
    CONST_INT   décalage et aller à l'état 16

    expr           aller à l'état 144
    selection      aller à l'état 22
    concatExpr     aller à l'état 23
    returnExpr     aller à l'état 24
    constant       aller à l'état 25
    instanciation  aller à l'état 26
    arithmExpr     aller à l'état 27


État 126

   83 proceduralBloc: '{' L_varDecl IS L_instr '}' .

    $défaut  réduction par utilisation de la règle 83 (proceduralBloc)


État 127

   67 selection: expr '.' ID '(' Opt_L_expr . ')'

    ')'  décalage et aller à l'état 145


État 128

   33 methodDecl: DEF STATIC ID . '(' Opt_L_methodParamDecl ')' RETURNS CLASS_TYPE methodBody
   34           | DEF STATIC ID . '(' Opt_L_methodParamDecl ')' RETURNS CLASS_TYPE ASSIGN expr

    '('  décalage et aller à l'état 146


État 129

   29 methodDecl: DEF OVERRIDE STATIC . ID '(' Opt_L_methodParamDecl ')' RETURNS CLASS_TYPE methodBody
   30           | DEF OVERRIDE STATIC . ID '(' Opt_L_methodParamDecl ')' RETURNS CLASS_TYPE ASSIGN expr

    ID  décalage et aller à l'état 147


État 130

   31 methodDecl: DEF OVERRIDE ID . '(' Opt_L_methodParamDecl ')' RETURNS CLASS_TYPE methodBody
   32           | DEF OVERRIDE ID . '(' Opt_L_methodParamDecl ')' RETURNS CLASS_TYPE ASSIGN expr

    '('  décalage et aller à l'état 148


État 131

   35 methodDecl: DEF ID '(' . Opt_L_methodParamDecl ')' RETURNS CLASS_TYPE methodBody
   36           | DEF ID '(' . Opt_L_methodParamDecl ')' RETURNS CLASS_TYPE ASSIGN expr

    ID  décalage et aller à l'état 149

    $défaut  réduction par utilisation de la règle 37 (Opt_L_methodParamDecl)

    Opt_L_methodParamDecl  aller à l'état 150
    L_methodParamDecl      aller à l'état 151
    methodParamDecl        aller à l'état 152


État 132

   25 fieldDecl: VAR STATIC ID . ':' CLASS_TYPE ASSIGN expr ';'
   26          | VAR STATIC ID . ':' CLASS_TYPE ';'

    ':'  décalage et aller à l'état 153


État 133

   23 fieldDecl: VAR ID ':' . CLASS_TYPE ASSIGN expr ';'
   24          | VAR ID ':' . CLASS_TYPE ';'

    CLASS_TYPE  décalage et aller à l'état 154


État 134

    8 classDef: classDecl IS '{' L_fieldDecl L_methodDecl '}' .

    $défaut  réduction par utilisation de la règle 8 (classDef)


État 135

   17 extendsDecl: EXTENDS CLASS_TYPE . '(' Opt_L_expr ')'

    '('  décalage et aller à l'état 155


État 136

    9 classDecl: CLASS CLASS_TYPE '(' Opt_L_classParamDecl ')' Opt_extendsDecl Opt_constructorBody .

    $défaut  réduction par utilisation de la règle 9 (classDecl)


État 137

   19 Opt_constructorBody: constructorBody .

    $défaut  réduction par utilisation de la règle 19 (Opt_constructorBody)


État 138

   20 constructorBody: instructionBloc .

    $défaut  réduction par utilisation de la règle 20 (constructorBody)


État 139

   56 L_expr: L_expr ',' expr .
   64 selection: expr . '.' ID
   67          | expr . '.' ID '(' Opt_L_expr ')'
   68 concatExpr: expr . CONCAT expr
   74 arithmExpr: expr . ADD expr
   75           | expr . SUB expr
   76           | expr . MUL expr
   77           | expr . DIV expr

    CONCAT  décalage et aller à l'état 49
    ADD     décalage et aller à l'état 50
    SUB     décalage et aller à l'état 51
    MUL     décalage et aller à l'état 52
    DIV     décalage et aller à l'état 53
    '.'     décalage et aller à l'état 55

    $défaut  réduction par utilisation de la règle 56 (L_expr)


État 140

   47 L_instr: L_instr . instr
   52 instr: IF booleanExpr THEN L_instr ELSE L_instr .

    RETURN      décalage et aller à l'état 9
    NEW         décalage et aller à l'état 10
    IF          décalage et aller à l'état 11
    CONST_VOID  décalage et aller à l'état 12
    ID          décalage et aller à l'état 13
    CONST_STR   décalage et aller à l'état 14
    CLASS_TYPE  décalage et aller à l'état 15
    CONST_INT   décalage et aller à l'état 16
    '{'         décalage et aller à l'état 17

    $défaut  réduction par utilisation de la règle 52 (instr)

    instr           aller à l'état 48
    expr            aller à l'état 21
    selection       aller à l'état 22
    concatExpr      aller à l'état 23
    returnExpr      aller à l'état 24
    constant        aller à l'état 25
    instanciation   aller à l'état 26
    arithmExpr      aller à l'état 27
    proceduralBloc  aller à l'état 28
    functionalBloc  aller à l'état 29


État 141

   66 selection: CLASS_TYPE '.' ID '(' Opt_L_expr ')' .

    $défaut  réduction par utilisation de la règle 66 (selection)


État 142

   89 varDecl: VAR ID ':' CLASS_TYPE ASSIGN . expr ';'

    RETURN      décalage et aller à l'état 9
    NEW         décalage et aller à l'état 10
    CONST_VOID  décalage et aller à l'état 12
    ID          décalage et aller à l'état 13
    CONST_STR   décalage et aller à l'état 14
    CLASS_TYPE  décalage et aller à l'état 15
    CONST_INT   décalage et aller à l'état 16

    expr           aller à l'état 156
    selection      aller à l'état 22
    concatExpr     aller à l'état 23
    returnExpr     aller à l'état 24
    constant       aller à l'état 25
    instanciation  aller à l'état 26
    arithmExpr     aller à l'état 27


État 143

   90 varDecl: VAR ID ':' CLASS_TYPE ';' .

    $défaut  réduction par utilisation de la règle 90 (varDecl)


État 144

   64 selection: expr . '.' ID
   67          | expr . '.' ID '(' Opt_L_expr ')'
   68 concatExpr: expr . CONCAT expr
   74 arithmExpr: expr . ADD expr
   75           | expr . SUB expr
   76           | expr . MUL expr
   77           | expr . DIV expr
   86 functionalBloc: '{' L_varDecl IS L_instr YIELD expr . '}'

    CONCAT  décalage et aller à l'état 49
    ADD     décalage et aller à l'état 50
    SUB     décalage et aller à l'état 51
    MUL     décalage et aller à l'état 52
    DIV     décalage et aller à l'état 53
    '.'     décalage et aller à l'état 55
    '}'     décalage et aller à l'état 157


État 145

   67 selection: expr '.' ID '(' Opt_L_expr ')' .

    $défaut  réduction par utilisation de la règle 67 (selection)


État 146

   33 methodDecl: DEF STATIC ID '(' . Opt_L_methodParamDecl ')' RETURNS CLASS_TYPE methodBody
   34           | DEF STATIC ID '(' . Opt_L_methodParamDecl ')' RETURNS CLASS_TYPE ASSIGN expr

    ID  décalage et aller à l'état 149

    $défaut  réduction par utilisation de la règle 37 (Opt_L_methodParamDecl)

    Opt_L_methodParamDecl  aller à l'état 158
    L_methodParamDecl      aller à l'état 151
    methodParamDecl        aller à l'état 152


État 147

   29 methodDecl: DEF OVERRIDE STATIC ID . '(' Opt_L_methodParamDecl ')' RETURNS CLASS_TYPE methodBody
   30           | DEF OVERRIDE STATIC ID . '(' Opt_L_methodParamDecl ')' RETURNS CLASS_TYPE ASSIGN expr

    '('  décalage et aller à l'état 159


État 148

   31 methodDecl: DEF OVERRIDE ID '(' . Opt_L_methodParamDecl ')' RETURNS CLASS_TYPE methodBody
   32           | DEF OVERRIDE ID '(' . Opt_L_methodParamDecl ')' RETURNS CLASS_TYPE ASSIGN expr

    ID  décalage et aller à l'état 149

    $défaut  réduction par utilisation de la règle 37 (Opt_L_methodParamDecl)

    Opt_L_methodParamDecl  aller à l'état 160
    L_methodParamDecl      aller à l'état 151
    methodParamDecl        aller à l'état 152


État 149

   41 methodParamDecl: ID . ':' ID

    ':'  décalage et aller à l'état 161


État 150

   35 methodDecl: DEF ID '(' Opt_L_methodParamDecl . ')' RETURNS CLASS_TYPE methodBody
   36           | DEF ID '(' Opt_L_methodParamDecl . ')' RETURNS CLASS_TYPE ASSIGN expr

    ')'  décalage et aller à l'état 162


État 151

   38 Opt_L_methodParamDecl: L_methodParamDecl .
   40 L_methodParamDecl: L_methodParamDecl . ',' methodParamDecl

    ','  décalage et aller à l'état 163

    $défaut  réduction par utilisation de la règle 38 (Opt_L_methodParamDecl)


État 152

   39 L_methodParamDecl: methodParamDecl .

    $défaut  réduction par utilisation de la règle 39 (L_methodParamDecl)


État 153

   25 fieldDecl: VAR STATIC ID ':' . CLASS_TYPE ASSIGN expr ';'
   26          | VAR STATIC ID ':' . CLASS_TYPE ';'

    CLASS_TYPE  décalage et aller à l'état 164


État 154

   23 fieldDecl: VAR ID ':' CLASS_TYPE . ASSIGN expr ';'
   24          | VAR ID ':' CLASS_TYPE . ';'

    ASSIGN  décalage et aller à l'état 165
    ';'     décalage et aller à l'état 166


État 155

   17 extendsDecl: EXTENDS CLASS_TYPE '(' . Opt_L_expr ')'

    RETURN      décalage et aller à l'état 9
    NEW         décalage et aller à l'état 10
    CONST_VOID  décalage et aller à l'état 12
    ID          décalage et aller à l'état 13
    CONST_STR   décalage et aller à l'état 14
    CLASS_TYPE  décalage et aller à l'état 15
    CONST_INT   décalage et aller à l'état 16

    $défaut  réduction par utilisation de la règle 53 (Opt_L_expr)

    Opt_L_expr     aller à l'état 167
    L_expr         aller à l'état 92
    expr           aller à l'état 93
    selection      aller à l'état 22
    concatExpr     aller à l'état 23
    returnExpr     aller à l'état 24
    constant       aller à l'état 25
    instanciation  aller à l'état 26
    arithmExpr     aller à l'état 27


État 156

   64 selection: expr . '.' ID
   67          | expr . '.' ID '(' Opt_L_expr ')'
   68 concatExpr: expr . CONCAT expr
   74 arithmExpr: expr . ADD expr
   75           | expr . SUB expr
   76           | expr . MUL expr
   77           | expr . DIV expr
   89 varDecl: VAR ID ':' CLASS_TYPE ASSIGN expr . ';'

    CONCAT  décalage et aller à l'état 49
    ADD     décalage et aller à l'état 50
    SUB     décalage et aller à l'état 51
    MUL     décalage et aller à l'état 52
    DIV     décalage et aller à l'état 53
    '.'     décalage et aller à l'état 55
    ';'     décalage et aller à l'état 168


État 157

   86 functionalBloc: '{' L_varDecl IS L_instr YIELD expr '}' .

    $défaut  réduction par utilisation de la règle 86 (functionalBloc)


État 158

   33 methodDecl: DEF STATIC ID '(' Opt_L_methodParamDecl . ')' RETURNS CLASS_TYPE methodBody
   34           | DEF STATIC ID '(' Opt_L_methodParamDecl . ')' RETURNS CLASS_TYPE ASSIGN expr

    ')'  décalage et aller à l'état 169


État 159

   29 methodDecl: DEF OVERRIDE STATIC ID '(' . Opt_L_methodParamDecl ')' RETURNS CLASS_TYPE methodBody
   30           | DEF OVERRIDE STATIC ID '(' . Opt_L_methodParamDecl ')' RETURNS CLASS_TYPE ASSIGN expr

    ID  décalage et aller à l'état 149

    $défaut  réduction par utilisation de la règle 37 (Opt_L_methodParamDecl)

    Opt_L_methodParamDecl  aller à l'état 170
    L_methodParamDecl      aller à l'état 151
    methodParamDecl        aller à l'état 152


État 160

   31 methodDecl: DEF OVERRIDE ID '(' Opt_L_methodParamDecl . ')' RETURNS CLASS_TYPE methodBody
   32           | DEF OVERRIDE ID '(' Opt_L_methodParamDecl . ')' RETURNS CLASS_TYPE ASSIGN expr

    ')'  décalage et aller à l'état 171


État 161

   41 methodParamDecl: ID ':' . ID

    ID  décalage et aller à l'état 172


État 162

   35 methodDecl: DEF ID '(' Opt_L_methodParamDecl ')' . RETURNS CLASS_TYPE methodBody
   36           | DEF ID '(' Opt_L_methodParamDecl ')' . RETURNS CLASS_TYPE ASSIGN expr

    RETURNS  décalage et aller à l'état 173


État 163

   40 L_methodParamDecl: L_methodParamDecl ',' . methodParamDecl

    ID  décalage et aller à l'état 149

    methodParamDecl  aller à l'état 174


État 164

   25 fieldDecl: VAR STATIC ID ':' CLASS_TYPE . ASSIGN expr ';'
   26          | VAR STATIC ID ':' CLASS_TYPE . ';'

    ASSIGN  décalage et aller à l'état 175
    ';'     décalage et aller à l'état 176


État 165

   23 fieldDecl: VAR ID ':' CLASS_TYPE ASSIGN . expr ';'

    RETURN      décalage et aller à l'état 9
    NEW         décalage et aller à l'état 10
    CONST_VOID  décalage et aller à l'état 12
    ID          décalage et aller à l'état 13
    CONST_STR   décalage et aller à l'état 14
    CLASS_TYPE  décalage et aller à l'état 15
    CONST_INT   décalage et aller à l'état 16

    expr           aller à l'état 177
    selection      aller à l'état 22
    concatExpr     aller à l'état 23
    returnExpr     aller à l'état 24
    constant       aller à l'état 25
    instanciation  aller à l'état 26
    arithmExpr     aller à l'état 27


État 166

   24 fieldDecl: VAR ID ':' CLASS_TYPE ';' .

    $défaut  réduction par utilisation de la règle 24 (fieldDecl)


État 167

   17 extendsDecl: EXTENDS CLASS_TYPE '(' Opt_L_expr . ')'

    ')'  décalage et aller à l'état 178


État 168

   89 varDecl: VAR ID ':' CLASS_TYPE ASSIGN expr ';' .

    $défaut  réduction par utilisation de la règle 89 (varDecl)


État 169

   33 methodDecl: DEF STATIC ID '(' Opt_L_methodParamDecl ')' . RETURNS CLASS_TYPE methodBody
   34           | DEF STATIC ID '(' Opt_L_methodParamDecl ')' . RETURNS CLASS_TYPE ASSIGN expr

    RETURNS  décalage et aller à l'état 179


État 170

   29 methodDecl: DEF OVERRIDE STATIC ID '(' Opt_L_methodParamDecl . ')' RETURNS CLASS_TYPE methodBody
   30           | DEF OVERRIDE STATIC ID '(' Opt_L_methodParamDecl . ')' RETURNS CLASS_TYPE ASSIGN expr

    ')'  décalage et aller à l'état 180


État 171

   31 methodDecl: DEF OVERRIDE ID '(' Opt_L_methodParamDecl ')' . RETURNS CLASS_TYPE methodBody
   32           | DEF OVERRIDE ID '(' Opt_L_methodParamDecl ')' . RETURNS CLASS_TYPE ASSIGN expr

    RETURNS  décalage et aller à l'état 181


État 172

   41 methodParamDecl: ID ':' ID .

    $défaut  réduction par utilisation de la règle 41 (methodParamDecl)


État 173

   35 methodDecl: DEF ID '(' Opt_L_methodParamDecl ')' RETURNS . CLASS_TYPE methodBody
   36           | DEF ID '(' Opt_L_methodParamDecl ')' RETURNS . CLASS_TYPE ASSIGN expr

    CLASS_TYPE  décalage et aller à l'état 182


État 174

   40 L_methodParamDecl: L_methodParamDecl ',' methodParamDecl .

    $défaut  réduction par utilisation de la règle 40 (L_methodParamDecl)


État 175

   25 fieldDecl: VAR STATIC ID ':' CLASS_TYPE ASSIGN . expr ';'

    RETURN      décalage et aller à l'état 9
    NEW         décalage et aller à l'état 10
    CONST_VOID  décalage et aller à l'état 12
    ID          décalage et aller à l'état 13
    CONST_STR   décalage et aller à l'état 14
    CLASS_TYPE  décalage et aller à l'état 15
    CONST_INT   décalage et aller à l'état 16

    expr           aller à l'état 183
    selection      aller à l'état 22
    concatExpr     aller à l'état 23
    returnExpr     aller à l'état 24
    constant       aller à l'état 25
    instanciation  aller à l'état 26
    arithmExpr     aller à l'état 27


État 176

   26 fieldDecl: VAR STATIC ID ':' CLASS_TYPE ';' .

    $défaut  réduction par utilisation de la règle 26 (fieldDecl)


État 177

   23 fieldDecl: VAR ID ':' CLASS_TYPE ASSIGN expr . ';'
   64 selection: expr . '.' ID
   67          | expr . '.' ID '(' Opt_L_expr ')'
   68 concatExpr: expr . CONCAT expr
   74 arithmExpr: expr . ADD expr
   75           | expr . SUB expr
   76           | expr . MUL expr
   77           | expr . DIV expr

    CONCAT  décalage et aller à l'état 49
    ADD     décalage et aller à l'état 50
    SUB     décalage et aller à l'état 51
    MUL     décalage et aller à l'état 52
    DIV     décalage et aller à l'état 53
    '.'     décalage et aller à l'état 55
    ';'     décalage et aller à l'état 184


État 178

   17 extendsDecl: EXTENDS CLASS_TYPE '(' Opt_L_expr ')' .

    $défaut  réduction par utilisation de la règle 17 (extendsDecl)


État 179

   33 methodDecl: DEF STATIC ID '(' Opt_L_methodParamDecl ')' RETURNS . CLASS_TYPE methodBody
   34           | DEF STATIC ID '(' Opt_L_methodParamDecl ')' RETURNS . CLASS_TYPE ASSIGN expr

    CLASS_TYPE  décalage et aller à l'état 185


État 180

   29 methodDecl: DEF OVERRIDE STATIC ID '(' Opt_L_methodParamDecl ')' . RETURNS CLASS_TYPE methodBody
   30           | DEF OVERRIDE STATIC ID '(' Opt_L_methodParamDecl ')' . RETURNS CLASS_TYPE ASSIGN expr

    RETURNS  décalage et aller à l'état 186


État 181

   31 methodDecl: DEF OVERRIDE ID '(' Opt_L_methodParamDecl ')' RETURNS . CLASS_TYPE methodBody
   32           | DEF OVERRIDE ID '(' Opt_L_methodParamDecl ')' RETURNS . CLASS_TYPE ASSIGN expr

    CLASS_TYPE  décalage et aller à l'état 187


État 182

   35 methodDecl: DEF ID '(' Opt_L_methodParamDecl ')' RETURNS CLASS_TYPE . methodBody
   36           | DEF ID '(' Opt_L_methodParamDecl ')' RETURNS CLASS_TYPE . ASSIGN expr

    ASSIGN  décalage et aller à l'état 188
    '{'     décalage et aller à l'état 17

    methodBody      aller à l'état 189
    proceduralBloc  aller à l'état 190
    functionalBloc  aller à l'état 191


État 183

   25 fieldDecl: VAR STATIC ID ':' CLASS_TYPE ASSIGN expr . ';'
   64 selection: expr . '.' ID
   67          | expr . '.' ID '(' Opt_L_expr ')'
   68 concatExpr: expr . CONCAT expr
   74 arithmExpr: expr . ADD expr
   75           | expr . SUB expr
   76           | expr . MUL expr
   77           | expr . DIV expr

    CONCAT  décalage et aller à l'état 49
    ADD     décalage et aller à l'état 50
    SUB     décalage et aller à l'état 51
    MUL     décalage et aller à l'état 52
    DIV     décalage et aller à l'état 53
    '.'     décalage et aller à l'état 55
    ';'     décalage et aller à l'état 192


État 184

   23 fieldDecl: VAR ID ':' CLASS_TYPE ASSIGN expr ';' .

    $défaut  réduction par utilisation de la règle 23 (fieldDecl)


État 185

   33 methodDecl: DEF STATIC ID '(' Opt_L_methodParamDecl ')' RETURNS CLASS_TYPE . methodBody
   34           | DEF STATIC ID '(' Opt_L_methodParamDecl ')' RETURNS CLASS_TYPE . ASSIGN expr

    ASSIGN  décalage et aller à l'état 193
    '{'     décalage et aller à l'état 17

    methodBody      aller à l'état 194
    proceduralBloc  aller à l'état 190
    functionalBloc  aller à l'état 191


État 186

   29 methodDecl: DEF OVERRIDE STATIC ID '(' Opt_L_methodParamDecl ')' RETURNS . CLASS_TYPE methodBody
   30           | DEF OVERRIDE STATIC ID '(' Opt_L_methodParamDecl ')' RETURNS . CLASS_TYPE ASSIGN expr

    CLASS_TYPE  décalage et aller à l'état 195


État 187

   31 methodDecl: DEF OVERRIDE ID '(' Opt_L_methodParamDecl ')' RETURNS CLASS_TYPE . methodBody
   32           | DEF OVERRIDE ID '(' Opt_L_methodParamDecl ')' RETURNS CLASS_TYPE . ASSIGN expr

    ASSIGN  décalage et aller à l'état 196
    '{'     décalage et aller à l'état 17

    methodBody      aller à l'état 197
    proceduralBloc  aller à l'état 190
    functionalBloc  aller à l'état 191


État 188

   36 methodDecl: DEF ID '(' Opt_L_methodParamDecl ')' RETURNS CLASS_TYPE ASSIGN . expr

    RETURN      décalage et aller à l'état 9
    NEW         décalage et aller à l'état 10
    CONST_VOID  décalage et aller à l'état 12
    ID          décalage et aller à l'état 13
    CONST_STR   décalage et aller à l'état 14
    CLASS_TYPE  décalage et aller à l'état 15
    CONST_INT   décalage et aller à l'état 16

    expr           aller à l'état 198
    selection      aller à l'état 22
    concatExpr     aller à l'état 23
    returnExpr     aller à l'état 24
    constant       aller à l'état 25
    instanciation  aller à l'état 26
    arithmExpr     aller à l'état 27


État 189

   35 methodDecl: DEF ID '(' Opt_L_methodParamDecl ')' RETURNS CLASS_TYPE methodBody .

    $défaut  réduction par utilisation de la règle 35 (methodDecl)


État 190

   42 methodBody: proceduralBloc .

    $défaut  réduction par utilisation de la règle 42 (methodBody)


État 191

   43 methodBody: functionalBloc .

    $défaut  réduction par utilisation de la règle 43 (methodBody)


État 192

   25 fieldDecl: VAR STATIC ID ':' CLASS_TYPE ASSIGN expr ';' .

    $défaut  réduction par utilisation de la règle 25 (fieldDecl)


État 193

   34 methodDecl: DEF STATIC ID '(' Opt_L_methodParamDecl ')' RETURNS CLASS_TYPE ASSIGN . expr

    RETURN      décalage et aller à l'état 9
    NEW         décalage et aller à l'état 10
    CONST_VOID  décalage et aller à l'état 12
    ID          décalage et aller à l'état 13
    CONST_STR   décalage et aller à l'état 14
    CLASS_TYPE  décalage et aller à l'état 15
    CONST_INT   décalage et aller à l'état 16

    expr           aller à l'état 199
    selection      aller à l'état 22
    concatExpr     aller à l'état 23
    returnExpr     aller à l'état 24
    constant       aller à l'état 25
    instanciation  aller à l'état 26
    arithmExpr     aller à l'état 27


État 194

   33 methodDecl: DEF STATIC ID '(' Opt_L_methodParamDecl ')' RETURNS CLASS_TYPE methodBody .

    $défaut  réduction par utilisation de la règle 33 (methodDecl)


État 195

   29 methodDecl: DEF OVERRIDE STATIC ID '(' Opt_L_methodParamDecl ')' RETURNS CLASS_TYPE . methodBody
   30           | DEF OVERRIDE STATIC ID '(' Opt_L_methodParamDecl ')' RETURNS CLASS_TYPE . ASSIGN expr

    ASSIGN  décalage et aller à l'état 200
    '{'     décalage et aller à l'état 17

    methodBody      aller à l'état 201
    proceduralBloc  aller à l'état 190
    functionalBloc  aller à l'état 191


État 196

   32 methodDecl: DEF OVERRIDE ID '(' Opt_L_methodParamDecl ')' RETURNS CLASS_TYPE ASSIGN . expr

    RETURN      décalage et aller à l'état 9
    NEW         décalage et aller à l'état 10
    CONST_VOID  décalage et aller à l'état 12
    ID          décalage et aller à l'état 13
    CONST_STR   décalage et aller à l'état 14
    CLASS_TYPE  décalage et aller à l'état 15
    CONST_INT   décalage et aller à l'état 16

    expr           aller à l'état 202
    selection      aller à l'état 22
    concatExpr     aller à l'état 23
    returnExpr     aller à l'état 24
    constant       aller à l'état 25
    instanciation  aller à l'état 26
    arithmExpr     aller à l'état 27


État 197

   31 methodDecl: DEF OVERRIDE ID '(' Opt_L_methodParamDecl ')' RETURNS CLASS_TYPE methodBody .

    $défaut  réduction par utilisation de la règle 31 (methodDecl)


État 198

   36 methodDecl: DEF ID '(' Opt_L_methodParamDecl ')' RETURNS CLASS_TYPE ASSIGN expr .
   64 selection: expr . '.' ID
   67          | expr . '.' ID '(' Opt_L_expr ')'
   68 concatExpr: expr . CONCAT expr
   74 arithmExpr: expr . ADD expr
   75           | expr . SUB expr
   76           | expr . MUL expr
   77           | expr . DIV expr

    CONCAT  décalage et aller à l'état 49
    ADD     décalage et aller à l'état 50
    SUB     décalage et aller à l'état 51
    MUL     décalage et aller à l'état 52
    DIV     décalage et aller à l'état 53
    '.'     décalage et aller à l'état 55

    $défaut  réduction par utilisation de la règle 36 (methodDecl)


État 199

   34 methodDecl: DEF STATIC ID '(' Opt_L_methodParamDecl ')' RETURNS CLASS_TYPE ASSIGN expr .
   64 selection: expr . '.' ID
   67          | expr . '.' ID '(' Opt_L_expr ')'
   68 concatExpr: expr . CONCAT expr
   74 arithmExpr: expr . ADD expr
   75           | expr . SUB expr
   76           | expr . MUL expr
   77           | expr . DIV expr

    CONCAT  décalage et aller à l'état 49
    ADD     décalage et aller à l'état 50
    SUB     décalage et aller à l'état 51
    MUL     décalage et aller à l'état 52
    DIV     décalage et aller à l'état 53
    '.'     décalage et aller à l'état 55

    $défaut  réduction par utilisation de la règle 34 (methodDecl)


État 200

   30 methodDecl: DEF OVERRIDE STATIC ID '(' Opt_L_methodParamDecl ')' RETURNS CLASS_TYPE ASSIGN . expr

    RETURN      décalage et aller à l'état 9
    NEW         décalage et aller à l'état 10
    CONST_VOID  décalage et aller à l'état 12
    ID          décalage et aller à l'état 13
    CONST_STR   décalage et aller à l'état 14
    CLASS_TYPE  décalage et aller à l'état 15
    CONST_INT   décalage et aller à l'état 16

    expr           aller à l'état 203
    selection      aller à l'état 22
    concatExpr     aller à l'état 23
    returnExpr     aller à l'état 24
    constant       aller à l'état 25
    instanciation  aller à l'état 26
    arithmExpr     aller à l'état 27


État 201

   29 methodDecl: DEF OVERRIDE STATIC ID '(' Opt_L_methodParamDecl ')' RETURNS CLASS_TYPE methodBody .

    $défaut  réduction par utilisation de la règle 29 (methodDecl)


État 202

   32 methodDecl: DEF OVERRIDE ID '(' Opt_L_methodParamDecl ')' RETURNS CLASS_TYPE ASSIGN expr .
   64 selection: expr . '.' ID
   67          | expr . '.' ID '(' Opt_L_expr ')'
   68 concatExpr: expr . CONCAT expr
   74 arithmExpr: expr . ADD expr
   75           | expr . SUB expr
   76           | expr . MUL expr
   77           | expr . DIV expr

    CONCAT  décalage et aller à l'état 49
    ADD     décalage et aller à l'état 50
    SUB     décalage et aller à l'état 51
    MUL     décalage et aller à l'état 52
    DIV     décalage et aller à l'état 53
    '.'     décalage et aller à l'état 55

    $défaut  réduction par utilisation de la règle 32 (methodDecl)


État 203

   30 methodDecl: DEF OVERRIDE STATIC ID '(' Opt_L_methodParamDecl ')' RETURNS CLASS_TYPE ASSIGN expr .
   64 selection: expr . '.' ID
   67          | expr . '.' ID '(' Opt_L_expr ')'
   68 concatExpr: expr . CONCAT expr
   74 arithmExpr: expr . ADD expr
   75           | expr . SUB expr
   76           | expr . MUL expr
   77           | expr . DIV expr

    CONCAT  décalage et aller à l'état 49
    ADD     décalage et aller à l'état 50
    SUB     décalage et aller à l'état 51
    MUL     décalage et aller à l'état 52
    DIV     décalage et aller à l'état 53
    '.'     décalage et aller à l'état 55

    $défaut  réduction par utilisation de la règle 30 (methodDecl)
